[2021-03-26 05:08:17.857] [exthost] [info] extension host started
[2021-03-26 05:08:18.051] [exthost] [info] ExtensionService#_doActivateExtension vscode.debug-auto-launch {"startup":true,"extensionId":{"value":"vscode.debug-auto-launch","_lower":"vscode.debug-auto-launch"},"activationEvent":"*"}
[2021-03-26 05:08:18.051] [exthost] [info] ExtensionService#loadCommonJSModule file:///home/rolly/.vscode-server/bin/2b9aebd5354a3629c3aba0a5f5df49f43d6689f8/extensions/debug-auto-launch/dist/extension
[2021-03-26 05:08:18.059] [exthost] [info] ExtensionService#_doActivateExtension vscode.git {"startup":true,"extensionId":{"value":"vscode.github","_lower":"vscode.github"},"activationEvent":"*"}
[2021-03-26 05:08:18.059] [exthost] [info] ExtensionService#loadCommonJSModule file:///home/rolly/.vscode-server/bin/2b9aebd5354a3629c3aba0a5f5df49f43d6689f8/extensions/git/dist/main
[2021-03-26 05:08:18.147] [exthost] [info] ExtensionService#_doActivateExtension KnisterPeter.vscode-github {"startup":true,"extensionId":{"value":"KnisterPeter.vscode-github","_lower":"knisterpeter.vscode-github"},"activationEvent":"*"}
[2021-03-26 05:08:18.147] [exthost] [info] ExtensionService#loadCommonJSModule file:///home/rolly/.vscode-server/extensions/knisterpeter.vscode-github-0.30.5/out/src/main
[2021-03-26 05:08:28.319] [exthost] [info] ExtensionService#_doActivateExtension vscode.emmet {"startup":false,"extensionId":{"value":"vscode.emmet","_lower":"vscode.emmet"},"activationEvent":"onStartupFinished"}
[2021-03-26 05:08:28.319] [exthost] [info] ExtensionService#loadCommonJSModule file:///home/rolly/.vscode-server/bin/2b9aebd5354a3629c3aba0a5f5df49f43d6689f8/extensions/emmet/dist/node/emmetNodeMain
[2021-03-26 05:08:28.340] [exthost] [info] ExtensionService#_doActivateExtension vscode.merge-conflict {"startup":false,"extensionId":{"value":"vscode.merge-conflict","_lower":"vscode.merge-conflict"},"activationEvent":"onStartupFinished"}
[2021-03-26 05:08:28.340] [exthost] [info] ExtensionService#loadCommonJSModule file:///home/rolly/.vscode-server/bin/2b9aebd5354a3629c3aba0a5f5df49f43d6689f8/extensions/merge-conflict/dist/mergeConflictMain
[2021-03-26 05:08:28.344] [exthost] [info] ExtensionService#_doActivateExtension vscode.testing-editor-contributions {"startup":false,"extensionId":{"value":"vscode.testing-editor-contributions","_lower":"vscode.testing-editor-contributions"},"activationEvent":"onStartupFinished"}
[2021-03-26 05:08:28.344] [exthost] [info] ExtensionService#loadCommonJSModule file:///home/rolly/.vscode-server/bin/2b9aebd5354a3629c3aba0a5f5df49f43d6689f8/extensions/testing-editor-contributions/dist/extension.js
[2021-03-26 05:08:29.287] [exthost] [info] ExtensionService#_doActivateExtension vscode.github {"startup":true,"extensionId":{"value":"vscode.github","_lower":"vscode.github"},"activationEvent":"*"}
[2021-03-26 05:08:29.287] [exthost] [info] ExtensionService#loadCommonJSModule file:///home/rolly/.vscode-server/bin/2b9aebd5354a3629c3aba0a5f5df49f43d6689f8/extensions/github/dist/extension.js
[2021-03-26 05:08:29.634] [exthost] [warning] [Decorations] CAPPING events from decorations provider vscode.git 3718
[2021-03-26 05:08:30.926] [exthost] [info] eager extensions activated
[2021-03-26 05:08:45.565] [exthost] [info] ExtensionService#_doActivateExtension ms-vscode.js-debug {"startup":false,"extensionId":{"value":"ms-vscode.js-debug","_lower":"ms-vscode.js-debug"},"activationEvent":"onCommand:extension.js-debug.clearAutoAttachVariables"}
[2021-03-26 05:08:45.565] [exthost] [info] ExtensionService#loadCommonJSModule file:///home/rolly/.vscode-server/bin/2b9aebd5354a3629c3aba0a5f5df49f43d6689f8/extensions/ms-vscode.js-debug/src/extension.js
[2021-03-26 05:10:17.803] [exthost] [warning] [Decorations] CAPPING events from decorations provider vscode.git 3718
[2021-03-26 05:10:23.064] [exthost] [warning] [Decorations] CAPPING events from decorations provider vscode.git 3717
[2021-03-26 05:10:28.248] [exthost] [warning] [Decorations] CAPPING events from decorations provider vscode.git 3717
[2021-03-26 05:10:33.411] [exthost] [warning] [Decorations] CAPPING events from decorations provider vscode.git 3717
[2021-03-26 05:13:07.499] [exthost] [warning] [Decorations] CAPPING events from decorations provider vscode.git 3718
[2021-03-26 05:13:12.671] [exthost] [warning] [Decorations] CAPPING events from decorations provider vscode.git 3718
[2021-03-26 05:13:27.580] [exthost] [warning] [Decorations] CAPPING events from decorations provider vscode.git 3718
[2021-03-26 05:13:32.719] [exthost] [warning] [Decorations] CAPPING events from decorations provider vscode.git 3718
[2021-03-26 05:13:37.850] [exthost] [warning] [Decorations] CAPPING events from decorations provider vscode.git 3718
[2021-03-26 05:13:43.005] [exthost] [warning] [Decorations] CAPPING events from decorations provider vscode.git 3718
[2021-03-26 05:13:48.164] [exthost] [warning] [Decorations] CAPPING events from decorations provider vscode.git 3718
[2021-03-26 05:13:54.319] [exthost] [warning] [Decorations] CAPPING events from decorations provider vscode.git 3718
[2021-03-26 05:13:59.500] [exthost] [warning] [Decorations] CAPPING events from decorations provider vscode.git 3718
[2021-03-26 05:14:42.736] [exthost] [warning] [Decorations] CAPPING events from decorations provider vscode.git 3718
[2021-03-26 05:14:48.029] [exthost] [warning] [Decorations] CAPPING events from decorations provider vscode.git 3718
[2021-03-26 05:14:55.438] [exthost] [warning] [Decorations] CAPPING events from decorations provider vscode.git 3718
[2021-03-26 05:15:20.182] [exthost] [warning] [Decorations] CAPPING events from decorations provider vscode.git 3718
[2021-03-26 05:15:25.328] [exthost] [warning] [Decorations] CAPPING events from decorations provider vscode.git 3718
[2021-03-26 05:15:30.459] [exthost] [warning] [Decorations] CAPPING events from decorations provider vscode.git 3718
[2021-03-26 05:15:35.598] [exthost] [warning] [Decorations] CAPPING events from decorations provider vscode.git 3718
[2021-03-26 05:15:40.849] [exthost] [warning] [Decorations] CAPPING events from decorations provider vscode.git 3718
[2021-03-26 05:15:46.097] [exthost] [warning] [Decorations] CAPPING events from decorations provider vscode.git 3718
[2021-03-26 05:16:44.941] [exthost] [warning] [Decorations] CAPPING events from decorations provider vscode.git 3718
[2021-03-26 05:17:14.854] [exthost] [warning] [Decorations] CAPPING events from decorations provider vscode.git 3718
[2021-03-26 05:17:20.037] [exthost] [warning] [Decorations] CAPPING events from decorations provider vscode.git 3718
[2021-03-26 05:17:25.233] [exthost] [warning] [Decorations] CAPPING events from decorations provider vscode.git 3718
[2021-03-26 05:17:30.423] [exthost] [warning] [Decorations] CAPPING events from decorations provider vscode.git 3718
[2021-03-26 05:17:35.628] [exthost] [warning] [Decorations] CAPPING events from decorations provider vscode.git 3718
[2021-03-26 05:17:40.885] [exthost] [warning] [Decorations] CAPPING events from decorations provider vscode.git 3718
[2021-03-26 05:17:46.105] [exthost] [warning] [Decorations] CAPPING events from decorations provider vscode.git 3718
[2021-03-26 05:18:13.828] [exthost] [warning] [Decorations] CAPPING events from decorations provider vscode.git 3718
[2021-03-26 05:18:19.024] [exthost] [warning] [Decorations] CAPPING events from decorations provider vscode.git 3718
[2021-03-26 05:18:24.376] [exthost] [warning] [Decorations] CAPPING events from decorations provider vscode.git 3718
[2021-03-26 05:18:29.928] [exthost] [warning] [Decorations] CAPPING events from decorations provider vscode.git 3718
[2021-03-26 05:18:46.929] [exthost] [warning] [Decorations] CAPPING events from decorations provider vscode.git 3718
[2021-03-26 05:18:52.104] [exthost] [warning] [Decorations] CAPPING events from decorations provider vscode.git 3718
[2021-03-26 05:19:04.669] [exthost] [warning] [Decorations] CAPPING events from decorations provider vscode.git 3718
[2021-03-26 05:19:09.847] [exthost] [warning] [Decorations] CAPPING events from decorations provider vscode.git 3718
[2021-03-26 05:19:15.106] [exthost] [warning] [Decorations] CAPPING events from decorations provider vscode.git 3718
[2021-03-26 05:19:23.173] [exthost] [warning] [Decorations] CAPPING events from decorations provider vscode.git 3718
[2021-03-26 05:22:36.876] [exthost] [warning] [Decorations] CAPPING events from decorations provider vscode.git 3718
[2021-03-26 05:22:42.049] [exthost] [warning] [Decorations] CAPPING events from decorations provider vscode.git 3718
[2021-03-26 05:22:47.229] [exthost] [warning] [Decorations] CAPPING events from decorations provider vscode.git 3718
[2021-03-26 05:30:38.125] [exthost] [warning] [Decorations] CAPPING events from decorations provider vscode.git 3718
[2021-03-26 05:32:28.088] [exthost] [warning] [Decorations] CAPPING events from decorations provider vscode.git 3717
[2021-03-26 05:32:41.824] [exthost] [warning] [Decorations] CAPPING events from decorations provider vscode.git 3717
[2021-03-26 05:42:02.121] [exthost] [warning] [Decorations] CAPPING events from decorations provider vscode.git 3721
[2021-03-26 05:49:27.235] [exthost] [warning] [Decorations] CAPPING events from decorations provider vscode.git 3721
[2021-03-26 05:49:32.415] [exthost] [warning] [Decorations] CAPPING events from decorations provider vscode.git 3720
[2021-03-26 05:52:31.062] [exthost] [warning] [Decorations] CAPPING events from decorations provider vscode.git 3720
[2021-03-26 05:52:31.110] [exthost] [info] extension host terminating: received terminate message from renderer
[2021-03-26 05:52:32.133] [exthost] [info] exiting with code 0
