[2021-03-26 05:06:10.581] [exthost] [info] extension host started
[2021-03-26 05:06:10.761] [exthost] [info] ExtensionService#_doActivateExtension vscode.debug-auto-launch {"startup":true,"extensionId":{"value":"vscode.debug-auto-launch","_lower":"vscode.debug-auto-launch"},"activationEvent":"*"}
[2021-03-26 05:06:10.762] [exthost] [info] ExtensionService#loadCommonJSModule file:///home/rolly/.vscode-server/bin/2b9aebd5354a3629c3aba0a5f5df49f43d6689f8/extensions/debug-auto-launch/dist/extension
[2021-03-26 05:06:10.770] [exthost] [info] ExtensionService#_doActivateExtension vscode.git {"startup":true,"extensionId":{"value":"vscode.github","_lower":"vscode.github"},"activationEvent":"*"}
[2021-03-26 05:06:10.770] [exthost] [info] ExtensionService#loadCommonJSModule file:///home/rolly/.vscode-server/bin/2b9aebd5354a3629c3aba0a5f5df49f43d6689f8/extensions/git/dist/main
[2021-03-26 05:06:10.853] [exthost] [info] ExtensionService#_doActivateExtension KnisterPeter.vscode-github {"startup":true,"extensionId":{"value":"KnisterPeter.vscode-github","_lower":"knisterpeter.vscode-github"},"activationEvent":"*"}
[2021-03-26 05:06:10.853] [exthost] [info] ExtensionService#loadCommonJSModule file:///home/rolly/.vscode-server/extensions/knisterpeter.vscode-github-0.30.5/out/src/main
[2021-03-26 05:06:11.142] [exthost] [info] ExtensionService#_doActivateExtension vscode.github {"startup":true,"extensionId":{"value":"vscode.github","_lower":"vscode.github"},"activationEvent":"*"}
[2021-03-26 05:06:11.142] [exthost] [info] ExtensionService#loadCommonJSModule file:///home/rolly/.vscode-server/bin/2b9aebd5354a3629c3aba0a5f5df49f43d6689f8/extensions/github/dist/extension.js
[2021-03-26 05:06:12.257] [exthost] [info] ExtensionService#_doActivateExtension vscode.emmet {"startup":false,"extensionId":{"value":"vscode.emmet","_lower":"vscode.emmet"},"activationEvent":"onStartupFinished"}
[2021-03-26 05:06:12.257] [exthost] [info] ExtensionService#loadCommonJSModule file:///home/rolly/.vscode-server/bin/2b9aebd5354a3629c3aba0a5f5df49f43d6689f8/extensions/emmet/dist/node/emmetNodeMain
[2021-03-26 05:06:12.275] [exthost] [info] ExtensionService#_doActivateExtension vscode.merge-conflict {"startup":false,"extensionId":{"value":"vscode.merge-conflict","_lower":"vscode.merge-conflict"},"activationEvent":"onStartupFinished"}
[2021-03-26 05:06:12.275] [exthost] [info] ExtensionService#loadCommonJSModule file:///home/rolly/.vscode-server/bin/2b9aebd5354a3629c3aba0a5f5df49f43d6689f8/extensions/merge-conflict/dist/mergeConflictMain
[2021-03-26 05:06:12.280] [exthost] [info] ExtensionService#_doActivateExtension vscode.testing-editor-contributions {"startup":false,"extensionId":{"value":"vscode.testing-editor-contributions","_lower":"vscode.testing-editor-contributions"},"activationEvent":"onStartupFinished"}
[2021-03-26 05:06:12.280] [exthost] [info] ExtensionService#loadCommonJSModule file:///home/rolly/.vscode-server/bin/2b9aebd5354a3629c3aba0a5f5df49f43d6689f8/extensions/testing-editor-contributions/dist/extension.js
[2021-03-26 05:06:12.281] [exthost] [info] eager extensions activated
[2021-03-26 05:06:12.283] [exthost] [info] ExtensionService#_doActivateExtension ms-vscode.js-debug {"startup":false,"extensionId":{"value":"ms-vscode.js-debug","_lower":"ms-vscode.js-debug"},"activationEvent":"onCommand:extension.js-debug.clearAutoAttachVariables"}
[2021-03-26 05:06:12.283] [exthost] [info] ExtensionService#loadCommonJSModule file:///home/rolly/.vscode-server/bin/2b9aebd5354a3629c3aba0a5f5df49f43d6689f8/extensions/ms-vscode.js-debug/src/extension.js
[2021-03-26 05:06:42.876] [exthost] [info] extension host terminating: received terminate message from renderer
[2021-03-26 05:06:43.885] [exthost] [info] exiting with code 0
